[0.013s] Invoking command in '/home/whaltze/rm/test/test1/build/cpp_1': CMAKE_PREFIX_PATH=${CMAKE_PREFIX_PATH}:/opt/ros/humble /usr/bin/cmake --build /home/whaltze/rm/test/test1/build/cpp_1 -- -j8 -l8
[0.032s] -- Found ament_cmake: 1.3.9 (/opt/ros/humble/share/ament_cmake/cmake)
[0.118s] -- Found rclcpp: 16.0.9 (/opt/ros/humble/share/rclcpp/cmake)
[0.137s] -- Found rosidl_generator_c: 3.1.5 (/opt/ros/humble/share/rosidl_generator_c/cmake)
[0.139s] -- Found rosidl_adapter: 3.1.5 (/opt/ros/humble/share/rosidl_adapter/cmake)
[0.143s] -- Found rosidl_generator_cpp: 3.1.5 (/opt/ros/humble/share/rosidl_generator_cpp/cmake)
[0.151s] -- Using all available rosidl_typesupport_c: rosidl_typesupport_fastrtps_c;rosidl_typesupport_introspection_c
[0.162s] -- Using all available rosidl_typesupport_cpp: rosidl_typesupport_fastrtps_cpp;rosidl_typesupport_introspection_cpp
[0.201s] -- Found rmw_implementation_cmake: 6.1.2 (/opt/ros/humble/share/rmw_implementation_cmake/cmake)
[0.202s] -- Found rmw_fastrtps_cpp: 6.2.6 (/opt/ros/humble/share/rmw_fastrtps_cpp/cmake)
[0.279s] -- Using RMW implementation 'rmw_fastrtps_cpp' as default
[0.385s] -- Found ament_lint_auto: 0.12.11 (/opt/ros/humble/share/ament_lint_auto/cmake)
[0.433s] -- Added test 'cppcheck' to perform static code analysis on C / C++ code
[0.433s] -- Configured cppcheck include dirs: 
[0.433s] -- Configured cppcheck exclude dirs and/or files: 
[0.434s] -- Added test 'lint_cmake' to check CMake code style
[0.434s] -- Added test 'uncrustify' to check C / C++ code style
[0.435s] -- Configured uncrustify additional arguments: 
[0.435s] -- Added test 'xmllint' to check XML markup files
[0.436s] -- Configuring done
[0.447s] -- Generating done
[0.448s] -- Build files have been written to: /home/whaltze/rm/test/test1/build/cpp_1
[0.471s] [35m[1mConsolidate compiler generated dependencies of target sender[0m
[0.479s] [ 25%] [32mBuilding CXX object CMakeFiles/listener.dir/src/listener.cpp.o[0m
[0.486s] [ 50%] [32mBuilding CXX object CMakeFiles/sender.dir/src/sender.cpp.o[0m
[0.486s] [01m[K/home/whaltze/rm/test/test1/src/cpp_1/src/listener.cpp:1:10:[m[K [01;31m[Kfatal error: [m[Kstd_msgs/String.h: æ²¡æœ‰é‚£ä¸ªæ–‡ä»¶æˆ–ç›®å½•
[0.486s]     1 | #include [01;31m[K"std_msgs/String.h"[m[K
[0.486s]       |          [01;31m[K^~~~~~~~~~~~~~~~~~~[m[K
[0.486s] compilation terminated.
[0.487s] gmake[2]: *** [CMakeFiles/listener.dir/build.make:76ï¼šCMakeFiles/listener.dir/src/listener.cpp.o] é”™è¯¯ 1
[0.487s] gmake[1]: *** [CMakeFiles/Makefile2:165ï¼šCMakeFiles/listener.dir/all] é”™è¯¯ 2
[0.487s] gmake[1]: *** æ­£åœ¨ç­‰å¾…æœªå®Œæˆçš„ä»»åŠ¡....
[0.493s] [01m[K/home/whaltze/rm/test/test1/src/cpp_1/src/sender.cpp:2:10:[m[K [01;31m[Kfatal error: [m[Kstd_msgs/String.h: æ²¡æœ‰é‚£ä¸ªæ–‡ä»¶æˆ–ç›®å½•
[0.493s]     2 | #include [01;31m[K"std_msgs/String.h"[m[K
[0.493s]       |          [01;31m[K^~~~~~~~~~~~~~~~~~~[m[K
[0.493s] compilation terminated.
[0.494s] gmake[2]: *** [CMakeFiles/sender.dir/build.make:76ï¼šCMakeFiles/sender.dir/src/sender.cpp.o] é”™è¯¯ 1
[0.494s] gmake[1]: *** [CMakeFiles/Makefile2:139ï¼šCMakeFiles/sender.dir/all] é”™è¯¯ 2
[0.494s] gmake: *** [Makefile:146ï¼šall] é”™è¯¯ 2
[0.495s] Invoked command in '/home/whaltze/rm/test/test1/build/cpp_1' returned '2': CMAKE_PREFIX_PATH=${CMAKE_PREFIX_PATH}:/opt/ros/humble /usr/bin/cmake --build /home/whaltze/rm/test/test1/build/cpp_1 -- -j8 -l8
