[0.010s] Invoking command in '/home/whaltze/rm/test/test1/build/cpp_1': CMAKE_PREFIX_PATH=${CMAKE_PREFIX_PATH}:/opt/ros/humble /usr/bin/cmake --build /home/whaltze/rm/test/test1/build/cpp_1 -- -j8 -l8
[0.052s] [ 25%] [32mBuilding CXX object CMakeFiles/listener.dir/src/listener.cpp.o[0m
[0.056s] [ 50%] [32mBuilding CXX object CMakeFiles/sender.dir/src/sender.cpp.o[0m
[0.232s] [01m[K/home/whaltze/rm/test/test1/src/cpp_1/src/listener.cpp:2:10:[m[K [01;31m[Kfatal error: [m[Kstd_msgs/string.h: Ê≤°ÊúâÈÇ£‰∏™Êñá‰ª∂ÊàñÁõÆÂΩï
[0.232s]     2 | #include [01;31m[K<std_msgs/string.h>[m[K
[0.232s]       |          [01;31m[K^~~~~~~~~~~~~~~~~~~[m[K
[0.232s] compilation terminated.
[0.233s] gmake[2]: *** [CMakeFiles/listener.dir/build.make:76ÔºöCMakeFiles/listener.dir/src/listener.cpp.o] ÈîôËØØ 1
[0.234s] gmake[1]: *** [CMakeFiles/Makefile2:165ÔºöCMakeFiles/listener.dir/all] ÈîôËØØ 2
[0.234s] gmake[1]: *** Ê≠£Âú®Á≠âÂæÖÊú™ÂÆåÊàêÁöÑ‰ªªÂä°....
[1.652s] [01m[K/home/whaltze/rm/test/test1/src/cpp_1/src/sender.cpp:[m[K In function ‚Äò[01m[Kvoid publishMessage()[m[K‚Äô:
[1.652s] [01m[K/home/whaltze/rm/test/test1/src/cpp_1/src/sender.cpp:7:3:[m[K [01;31m[Kerror: [m[K‚Äò[01m[Kros[m[K‚Äô has not been declared
[1.652s]     7 |   [01;31m[Kros[m[K::NodeHandle n;
[1.652s]       |   [01;31m[K^~~[m[K
[1.652s] [01m[K/home/whaltze/rm/test/test1/src/cpp_1/src/sender.cpp:8:3:[m[K [01;31m[Kerror: [m[K‚Äò[01m[Kros[m[K‚Äô has not been declared
[1.653s]     8 |   [01;31m[Kros[m[K::Publisher chatter_pub = n.advertise<std_msgs::String>("chatter", 1000);
[1.653s]       |   [01;31m[K^~~[m[K
[1.653s] [01m[K/home/whaltze/rm/test/test1/src/cpp_1/src/sender.cpp:10:3:[m[K [01;31m[Kerror: [m[K‚Äò[01m[Kstd_msgs[m[K‚Äô has not been declared
[1.653s]    10 |   [01;31m[Kstd_msgs[m[K::String msg;
[1.653s]       |   [01;31m[K^~~~~~~~[m[K
[1.653s] [01m[K/home/whaltze/rm/test/test1/src/cpp_1/src/sender.cpp:11:3:[m[K [01;31m[Kerror: [m[K‚Äò[01m[Kmsg[m[K‚Äô was not declared in this scope
[1.653s]    11 |   [01;31m[Kmsg[m[K.data = "Hello ROS!";
[1.653s]       |   [01;31m[K^~~[m[K
[1.653s] [01m[K/home/whaltze/rm/test/test1/src/cpp_1/src/sender.cpp:11:3:[m[K [01;36m[Knote: [m[Ksuggested alternatives:
[1.653s] In file included from [01m[K/opt/ros/humble/include/builtin_interfaces/builtin_interfaces/msg/duration.hpp:7[m[K,
[1.653s]                  from [01m[K/opt/ros/humble/include/rclcpp/rclcpp/duration.hpp:20[m[K,
[1.653s]                  from [01m[K/opt/ros/humble/include/rclcpp/rclcpp/qos.hpp:20[m[K,
[1.654s]                  from [01m[K/opt/ros/humble/include/rclcpp/rclcpp/node_interfaces/node_graph_interface.hpp:32[m[K,
[1.654s]                  from [01m[K/opt/ros/humble/include/rclcpp/rclcpp/client.hpp:42[m[K,
[1.654s]                  from [01m[K/opt/ros/humble/include/rclcpp/rclcpp/callback_group.hpp:24[m[K,
[1.654s]                  from [01m[K/opt/ros/humble/include/rclcpp/rclcpp/any_executable.hpp:20[m[K,
[1.654s]                  from [01m[K/opt/ros/humble/include/rclcpp/rclcpp/memory_strategy.hpp:25[m[K,
[1.654s]                  from [01m[K/opt/ros/humble/include/rclcpp/rclcpp/memory_strategies.hpp:18[m[K,
[1.654s]                  from [01m[K/opt/ros/humble/include/rclcpp/rclcpp/executor_options.hpp:20[m[K,
[1.654s]                  from [01m[K/opt/ros/humble/include/rclcpp/rclcpp/executor.hpp:37[m[K,
[1.654s]                  from [01m[K/opt/ros/humble/include/rclcpp/rclcpp/executors/multi_threaded_executor.hpp:25[m[K,
[1.654s]                  from [01m[K/opt/ros/humble/include/rclcpp/rclcpp/executors.hpp:21[m[K,
[1.654s]                  from [01m[K/opt/ros/humble/include/rclcpp/rclcpp/rclcpp.hpp:155[m[K,
[1.654s]                  from [01m[K/home/whaltze/rm/test/test1/src/cpp_1/src/sender.cpp:1[m[K:
[1.654s] [01m[K/opt/ros/humble/include/builtin_interfaces/builtin_interfaces/msg/detail/duration__struct.hpp:27:11:[m[K [01;36m[Knote: [m[K  ‚Äò[01m[Kbuiltin_interfaces::msg[m[K‚Äô
[1.654s]    27 | namespace [01;36m[Kmsg[m[K
[1.654s]       |           [01;36m[K^~~[m[K
[1.654s] In file included from [01m[K/opt/ros/humble/include/rcl_interfaces/rcl_interfaces/msg/set_parameters_result.hpp:7[m[K,
[1.654s]                  from [01m[K/opt/ros/humble/include/rclcpp/rclcpp/qos_overriding_options.hpp:28[m[K,
[1.654s]                  from [01m[K/opt/ros/humble/include/rclcpp/rclcpp/subscription_options.hpp:30[m[K,
[1.654s]                  from [01m[K/opt/ros/humble/include/rclcpp/rclcpp/subscription.hpp:45[m[K,
[1.654s]                  from [01m[K/opt/ros/humble/include/rclcpp/rclcpp/any_executable.hpp:25[m[K,
[1.654s]                  from [01m[K/opt/ros/humble/include/rclcpp/rclcpp/memory_strategy.hpp:25[m[K,
[1.655s]                  from [01m[K/opt/ros/humble/include/rclcpp/rclcpp/memory_strategies.hpp:18[m[K,
[1.655s]                  from [01m[K/opt/ros/humble/include/rclcpp/rclcpp/executor_options.hpp:20[m[K,
[1.655s]                  from [01m[K/opt/ros/humble/include/rclcpp/rclcpp/executor.hpp:37[m[K,
[1.655s]                  from [01m[K/opt/ros/humble/include/rclcpp/rclcpp/executors/multi_threaded_executor.hpp:25[m[K,
[1.655s]                  from [01m[K/opt/ros/humble/include/rclcpp/rclcpp/executors.hpp:21[m[K,
[1.655s]                  from [01m[K/opt/ros/humble/include/rclcpp/rclcpp/rclcpp.hpp:155[m[K,
[1.655s]                  from [01m[K/home/whaltze/rm/test/test1/src/cpp_1/src/sender.cpp:1[m[K:
[1.655s] [01m[K/opt/ros/humble/include/rcl_interfaces/rcl_interfaces/msg/detail/set_parameters_result__struct.hpp:27:11:[m[K [01;36m[Knote: [m[K  ‚Äò[01m[Krcl_interfaces::msg[m[K‚Äô
[1.655s]    27 | namespace [01;36m[Kmsg[m[K
[1.655s]       |           [01;36m[K^~~[m[K
[1.655s] In file included from [01m[K/opt/ros/humble/include/statistics_msgs/statistics_msgs/msg/detail/metrics_message__struct.hpp:23[m[K,
[1.655s]                  from [01m[K/opt/ros/humble/include/statistics_msgs/statistics_msgs/msg/metrics_message.hpp:7[m[K,
[1.655s]                  from [01m[K/opt/ros/humble/include/libstatistics_collector/libstatistics_collector/collector/generate_statistics_message.hpp:21[m[K,
[1.655s]                  from [01m[K/opt/ros/humble/include/rclcpp/rclcpp/topic_statistics/subscription_topic_statistics.hpp:23[m[K,
[1.655s]                  from [01m[K/opt/ros/humble/include/rclcpp/rclcpp/subscription.hpp:50[m[K,
[1.655s]                  from [01m[K/opt/ros/humble/include/rclcpp/rclcpp/any_executable.hpp:25[m[K,
[1.655s]                  from [01m[K/opt/ros/humble/include/rclcpp/rclcpp/memory_strategy.hpp:25[m[K,
[1.655s]                  from [01m[K/opt/ros/humble/include/rclcpp/rclcpp/memory_strategies.hpp:18[m[K,
[1.655s]                  from [01m[K/opt/ros/humble/include/rclcpp/rclcpp/executor_options.hpp:20[m[K,
[1.655s]                  from [01m[K/opt/ros/humble/include/rclcpp/rclcpp/executor.hpp:37[m[K,
[1.655s]                  from [01m[K/opt/ros/humble/include/rclcpp/rclcpp/executors/multi_threaded_executor.hpp:25[m[K,
[1.656s]                  from [01m[K/opt/ros/humble/include/rclcpp/rclcpp/executors.hpp:21[m[K,
[1.656s]                  from [01m[K/opt/ros/humble/include/rclcpp/rclcpp/rclcpp.hpp:155[m[K,
[1.656s]                  from [01m[K/home/whaltze/rm/test/test1/src/cpp_1/src/sender.cpp:1[m[K:
[1.656s] [01m[K/opt/ros/humble/include/statistics_msgs/statistics_msgs/msg/detail/statistic_data_point__struct.hpp:27:11:[m[K [01;36m[Knote: [m[K  ‚Äò[01m[Kstatistics_msgs::msg[m[K‚Äô
[1.656s]    27 | namespace [01;36m[Kmsg[m[K
[1.656s]       |           [01;36m[K^~~[m[K
[1.656s] [01m[K/home/whaltze/rm/test/test1/src/cpp_1/src/sender.cpp:13:10:[m[K [01;31m[Kerror: [m[K‚Äò[01m[Kros[m[K‚Äô has not been declared
[1.656s]    13 |   while ([01;31m[Kros[m[K::ok()) {
[1.656s]       |          [01;31m[K^~~[m[K
[1.660s] [01m[K/home/whaltze/rm/test/test1/src/cpp_1/src/sender.cpp:14:5:[m[K [01;31m[Kerror: [m[K‚Äò[01m[Kchatter_pub[m[K‚Äô was not declared in this scope
[1.660s]    14 |     [01;31m[Kchatter_pub[m[K.publish(msg);
[1.660s]       |     [01;31m[K^~~~~~~~~~~[m[K
[1.660s] [01m[K/home/whaltze/rm/test/test1/src/cpp_1/src/sender.cpp:15:5:[m[K [01;31m[Kerror: [m[K‚Äò[01m[Kros[m[K‚Äô has not been declared
[1.660s]    15 |     [01;31m[Kros[m[K::Duration(1).sleep();
[1.661s]       |     [01;31m[K^~~[m[K
[1.661s] [01m[K/home/whaltze/rm/test/test1/src/cpp_1/src/sender.cpp:[m[K In function ‚Äò[01m[Kint main(int, char**)[m[K‚Äô:
[1.661s] [01m[K/home/whaltze/rm/test/test1/src/cpp_1/src/sender.cpp:20:3:[m[K [01;31m[Kerror: [m[K‚Äò[01m[Kros[m[K‚Äô has not been declared
[1.661s]    20 |   [01;31m[Kros[m[K::init(argc, argv, "subscriber_node");
[1.661s]       |   [01;31m[K^~~[m[K
[1.661s] [01m[K/home/whaltze/rm/test/test1/src/cpp_1/src/sender.cpp:21:3:[m[K [01;31m[Kerror: [m[K‚Äò[01m[Kros[m[K‚Äô has not been declared
[1.661s]    21 |   [01;31m[Kros[m[K::NodeHandle n;
[1.661s]       |   [01;31m[K^~~[m[K
[1.661s] [01m[K/home/whaltze/rm/test/test1/src/cpp_1/src/sender.cpp:23:3:[m[K [01;31m[Kerror: [m[K‚Äò[01m[Kros[m[K‚Äô has not been declared
[1.661s]    23 |   [01;31m[Kros[m[K::Subscriber sub = n.subscribe("chatter", 1000, chatterCallback);
[1.661s]       |   [01;31m[K^~~[m[K
[1.661s] [01m[K/home/whaltze/rm/test/test1/src/cpp_1/src/sender.cpp:25:3:[m[K [01;31m[Kerror: [m[K‚Äò[01m[Kros[m[K‚Äô has not been declared
[1.661s]    25 |   [01;31m[Kros[m[K::spin();
[1.661s]       |   [01;31m[K^~~[m[K
[1.913s] gmake[2]: *** [CMakeFiles/sender.dir/build.make:76ÔºöCMakeFiles/sender.dir/src/sender.cpp.o] ÈîôËØØ 1
[1.913s] gmake[1]: *** [CMakeFiles/Makefile2:139ÔºöCMakeFiles/sender.dir/all] ÈîôËØØ 2
[1.913s] gmake: *** [Makefile:146Ôºöall] ÈîôËØØ 2
[1.915s] Invoked command in '/home/whaltze/rm/test/test1/build/cpp_1' returned '2': CMAKE_PREFIX_PATH=${CMAKE_PREFIX_PATH}:/opt/ros/humble /usr/bin/cmake --build /home/whaltze/rm/test/test1/build/cpp_1 -- -j8 -l8
