[0.010s] Invoking command in '/home/whaltze/rm/ros_ws/build/learning_image_transport': /usr/bin/cmake /home/whaltze/rm/ros_ws/src/learning_image_transport -DCATKIN_INSTALL_INTO_PREFIX_ROOT=0 -DCMAKE_INSTALL_PREFIX=/home/whaltze/rm/ros_ws/install/learning_image_transport
[0.021s] -- Found ament_cmake: 1.3.9 (/opt/ros/humble/share/ament_cmake/cmake)
[0.154s] -- Found OpenCV: /usr (found version "4.5.4") 
[0.155s] -- Configuring done
[0.161s] -- Generating done
[0.162s] -- Build files have been written to: /home/whaltze/rm/ros_ws/build/learning_image_transport
[0.165s] Invoked command in '/home/whaltze/rm/ros_ws/build/learning_image_transport' returned '0': /usr/bin/cmake /home/whaltze/rm/ros_ws/src/learning_image_transport -DCATKIN_INSTALL_INTO_PREFIX_ROOT=0 -DCMAKE_INSTALL_PREFIX=/home/whaltze/rm/ros_ws/install/learning_image_transport
[0.165s] Invoking command in '/home/whaltze/rm/ros_ws/build/learning_image_transport': /usr/bin/cmake --build /home/whaltze/rm/ros_ws/build/learning_image_transport -- -j8 -l8
[0.210s] [ 25%] [32mBuilding CXX object CMakeFiles/my_subscriber.dir/src/my_subscriber.cpp.o[0m
[0.210s] [ 50%] [32mBuilding CXX object CMakeFiles/my_publisher.dir/src/my_publisher.cpp.o[0m
[0.217s] [01m[K/home/whaltze/rm/ros_ws/src/learning_image_transport/src/my_subscriber.cpp:1:10:[m[K [01;31m[Kfatal error: [m[Kros/ros.h: æ²¡æœ‰é‚£ä¸ªæ–‡ä»¶æˆ–ç›®å½•
[0.217s]     1 | #include [01;31m[K<ros/ros.h>[m[K
[0.217s]       |          [01;31m[K^~~~~~~~~~~[m[K
[0.217s] compilation terminated.
[0.218s] [01m[K/home/whaltze/rm/ros_ws/src/learning_image_transport/src/my_publisher.cpp:1:10:[m[K [01;31m[Kfatal error: [m[Kros/ros.h: æ²¡æœ‰é‚£ä¸ªæ–‡ä»¶æˆ–ç›®å½•
[0.218s]     1 | #include [01;31m[K<ros/ros.h>[m[K
[0.218s]       |          [01;31m[K^~~~~~~~~~~[m[K
[0.218s] compilation terminated.
[0.218s] gmake[2]: *** [CMakeFiles/my_publisher.dir/build.make:76ï¼šCMakeFiles/my_publisher.dir/src/my_publisher.cpp.o] é”™è¯¯ 1
[0.218s] gmake[2]: *** [CMakeFiles/my_subscriber.dir/build.make:76ï¼šCMakeFiles/my_subscriber.dir/src/my_subscriber.cpp.o] é”™è¯¯ 1
[0.218s] gmake[1]: *** [CMakeFiles/Makefile2:139ï¼šCMakeFiles/my_publisher.dir/all] é”™è¯¯ 2
[0.219s] gmake[1]: *** æ­£åœ¨ç­‰å¾…æœªå®Œæˆçš„ä»»åŠ¡....
[0.219s] gmake[1]: *** [CMakeFiles/Makefile2:165ï¼šCMakeFiles/my_subscriber.dir/all] é”™è¯¯ 2
[0.219s] gmake: *** [Makefile:101ï¼šall] é”™è¯¯ 2
[0.220s] Invoked command in '/home/whaltze/rm/ros_ws/build/learning_image_transport' returned '2': /usr/bin/cmake --build /home/whaltze/rm/ros_ws/build/learning_image_transport -- -j8 -l8
