[0.029s] Invoking command in '/home/whaltze/rm/patrol/build/linefit_ground_segmentation': CMAKE_PREFIX_PATH=/opt/ros/humble CONDA_PROMPT_MODIFIER=(rm) /usr/bin/cmake --build /home/whaltze/rm/patrol/build/linefit_ground_segmentation -- -j8 -l8
[0.087s] [ 20%] [32mBuilding CXX object CMakeFiles/linefit_ground_segmentation.dir/src/ground_segmentation.cc.o[0m
[0.088s] [ 40%] [32mBuilding CXX object CMakeFiles/linefit_ground_segmentation.dir/src/bin.cc.o[0m
[0.091s] [ 60%] [32mBuilding CXX object CMakeFiles/linefit_ground_segmentation.dir/src/segment.cc.o[0m
[0.104s] [ 80%] [32mBuilding CXX object CMakeFiles/linefit_ground_segmentation.dir/src/viewer.cc.o[0m
[0.160s] In file included from [01m[K/home/whaltze/rm/patrol/pb_rmsimulation/src/rm_perception/linefit_ground_segementation_ros2/linefit_ground_segmentation/src/bin.cc:1[m[K:
[0.160s] [01m[K/home/whaltze/rm/patrol/pb_rmsimulation/src/rm_perception/linefit_ground_segementation_ros2/linefit_ground_segmentation/include/ground_segmentation/bin.h:6:10:[m[K [01;31m[Kfatal error: [m[Kpcl/point_cloud.h: æ²¡æœ‰é‚£ä¸ªæ–‡ä»¶æˆ–ç›®å½•
[0.160s]     6 | #include [01;31m[K<pcl/point_cloud.h>[m[K
[0.160s]       |          [01;31m[K^~~~~~~~~~~~~~~~~~~[m[K
[0.160s] compilation terminated.
[0.161s] gmake[2]: *** [CMakeFiles/linefit_ground_segmentation.dir/build.make:76ï¼šCMakeFiles/linefit_ground_segmentation.dir/src/bin.cc.o] é”™è¯¯ 1
[0.161s] gmake[2]: *** æ­£åœ¨ç­‰å¾…æœªå®Œæˆçš„ä»»åŠ¡....
[0.226s] In file included from [01m[K/home/whaltze/rm/patrol/pb_rmsimulation/src/rm_perception/linefit_ground_segementation_ros2/linefit_ground_segmentation/include/ground_segmentation/segment.h:7[m[K,
[0.226s]                  from [01m[K/home/whaltze/rm/patrol/pb_rmsimulation/src/rm_perception/linefit_ground_segementation_ros2/linefit_ground_segmentation/src/segment.cc:1[m[K:
[0.226s] [01m[K/home/whaltze/rm/patrol/pb_rmsimulation/src/rm_perception/linefit_ground_segementation_ros2/linefit_ground_segmentation/include/ground_segmentation/bin.h:6:10:[m[K [01;31m[Kfatal error: [m[Kpcl/point_cloud.h: æ²¡æœ‰é‚£ä¸ªæ–‡ä»¶æˆ–ç›®å½•
[0.227s]     6 | #include [01;31m[K<pcl/point_cloud.h>[m[K
[0.227s]       |          [01;31m[K^~~~~~~~~~~~~~~~~~~[m[K
[0.227s] compilation terminated.
[0.227s] gmake[2]: *** [CMakeFiles/linefit_ground_segmentation.dir/build.make:104ï¼šCMakeFiles/linefit_ground_segmentation.dir/src/segment.cc.o] é”™è¯¯ 1
[0.266s] In file included from [01m[K/home/whaltze/rm/patrol/pb_rmsimulation/src/rm_perception/linefit_ground_segementation_ros2/linefit_ground_segmentation/include/ground_segmentation/segment.h:7[m[K,
[0.266s]                  from [01m[K/home/whaltze/rm/patrol/pb_rmsimulation/src/rm_perception/linefit_ground_segementation_ros2/linefit_ground_segmentation/include/ground_segmentation/ground_segmentation.h:6[m[K,
[0.266s]                  from [01m[K/home/whaltze/rm/patrol/pb_rmsimulation/src/rm_perception/linefit_ground_segementation_ros2/linefit_ground_segmentation/src/ground_segmentation.cc:1[m[K:
[0.266s] [01m[K/home/whaltze/rm/patrol/pb_rmsimulation/src/rm_perception/linefit_ground_segementation_ros2/linefit_ground_segmentation/include/ground_segmentation/bin.h:6:10:[m[K [01;31m[Kfatal error: [m[Kpcl/point_cloud.h: æ²¡æœ‰é‚£ä¸ªæ–‡ä»¶æˆ–ç›®å½•
[0.266s]     6 | #include [01;31m[K<pcl/point_cloud.h>[m[K
[0.267s]       |          [01;31m[K^~~~~~~~~~~~~~~~~~~[m[K
[0.267s] compilation terminated.
[0.267s] gmake[2]: *** [CMakeFiles/linefit_ground_segmentation.dir/build.make:90ï¼šCMakeFiles/linefit_ground_segmentation.dir/src/ground_segmentation.cc.o] é”™è¯¯ 1
[0.268s] In file included from [01m[K/home/whaltze/rm/patrol/pb_rmsimulation/src/rm_perception/linefit_ground_segementation_ros2/linefit_ground_segmentation/src/viewer.cc:1[m[K:
[0.268s] [01m[K/home/whaltze/rm/patrol/pb_rmsimulation/src/rm_perception/linefit_ground_segementation_ros2/linefit_ground_segmentation/include/ground_segmentation/viewer.h:7:10:[m[K [01;31m[Kfatal error: [m[Kpcl/visualization/pcl_visualizer.h: æ²¡æœ‰é‚£ä¸ªæ–‡ä»¶æˆ–ç›®å½•
[0.268s]     7 | #include [01;31m[K<pcl/visualization/pcl_visualizer.h>[m[K
[0.268s]       |          [01;31m[K^~~~~~~~~~~~~~~~~~~~~~~~~~~~~~~~~~~~[m[K
[0.268s] compilation terminated.
[0.271s] gmake[2]: *** [CMakeFiles/linefit_ground_segmentation.dir/build.make:118ï¼šCMakeFiles/linefit_ground_segmentation.dir/src/viewer.cc.o] é”™è¯¯ 1
[0.271s] gmake[1]: *** [CMakeFiles/Makefile2:138ï¼šCMakeFiles/linefit_ground_segmentation.dir/all] é”™è¯¯ 2
[0.272s] gmake: *** [Makefile:146ï¼šall] é”™è¯¯ 2
[0.275s] Invoked command in '/home/whaltze/rm/patrol/build/linefit_ground_segmentation' returned '2': CMAKE_PREFIX_PATH=/opt/ros/humble CONDA_PROMPT_MODIFIER=(rm) /usr/bin/cmake --build /home/whaltze/rm/patrol/build/linefit_ground_segmentation -- -j8 -l8
