[0.010s] Invoking command in '/home/whaltze/rm/test/test1/build/cpp_1': CMAKE_PREFIX_PATH=${CMAKE_PREFIX_PATH}:/opt/ros/humble /usr/bin/cmake --build /home/whaltze/rm/test/test1/build/cpp_1 -- -j8 -l8
[0.029s] -- Found ament_cmake: 1.3.9 (/opt/ros/humble/share/ament_cmake/cmake)
[0.114s] -- Found rclcpp: 16.0.9 (/opt/ros/humble/share/rclcpp/cmake)
[0.133s] -- Found rosidl_generator_c: 3.1.5 (/opt/ros/humble/share/rosidl_generator_c/cmake)
[0.135s] -- Found rosidl_adapter: 3.1.5 (/opt/ros/humble/share/rosidl_adapter/cmake)
[0.140s] -- Found rosidl_generator_cpp: 3.1.5 (/opt/ros/humble/share/rosidl_generator_cpp/cmake)
[0.148s] -- Using all available rosidl_typesupport_c: rosidl_typesupport_fastrtps_c;rosidl_typesupport_introspection_c
[0.158s] -- Using all available rosidl_typesupport_cpp: rosidl_typesupport_fastrtps_cpp;rosidl_typesupport_introspection_cpp
[0.198s] -- Found rmw_implementation_cmake: 6.1.2 (/opt/ros/humble/share/rmw_implementation_cmake/cmake)
[0.198s] -- Found rmw_fastrtps_cpp: 6.2.6 (/opt/ros/humble/share/rmw_fastrtps_cpp/cmake)
[0.274s] -- Using RMW implementation 'rmw_fastrtps_cpp' as default
[0.380s] -- Found ament_lint_auto: 0.12.11 (/opt/ros/humble/share/ament_lint_auto/cmake)
[0.428s] -- Added test 'cppcheck' to perform static code analysis on C / C++ code
[0.428s] -- Configured cppcheck include dirs: 
[0.428s] -- Configured cppcheck exclude dirs and/or files: 
[0.428s] -- Added test 'lint_cmake' to check CMake code style
[0.429s] -- Added test 'uncrustify' to check C / C++ code style
[0.429s] -- Configured uncrustify additional arguments: 
[0.429s] -- Added test 'xmllint' to check XML markup files
[0.431s] -- Configuring done
[0.441s] -- Generating done
[0.442s] -- Build files have been written to: /home/whaltze/rm/test/test1/build/cpp_1
[0.464s] [35m[1mConsolidate compiler generated dependencies of target sender[0m
[0.472s] [ 25%] [32mBuilding CXX object CMakeFiles/listener.dir/src/listener.cpp.o[0m
[0.479s] [01m[K/home/whaltze/rm/test/test1/src/cpp_1/src/listener.cpp:1:10:[m[K [01;31m[Kfatal error: [m[Kstd_msgs: 没有那个文件或目录
[0.479s]     1 | #include [01;31m[K"std_msgs"[m[K
[0.479s]       |          [01;31m[K^~~~~~~~~~[m[K
[0.479s] compilation terminated.
[0.479s] [ 50%] [32mBuilding CXX object CMakeFiles/sender.dir/src/sender.cpp.o[0m
[0.479s] gmake[2]: *** [CMakeFiles/listener.dir/build.make:76：CMakeFiles/listener.dir/src/listener.cpp.o] 错误 1
[0.480s] gmake[1]: *** [CMakeFiles/Makefile2:165：CMakeFiles/listener.dir/all] 错误 2
[0.480s] gmake[1]: *** 正在等待未完成的任务....
[0.486s] [01m[K/home/whaltze/rm/test/test1/src/cpp_1/src/sender.cpp:2:10:[m[K [01;31m[Kfatal error: [m[Kstd_msgs: 没有那个文件或目录
[0.486s]     2 | #include [01;31m[K"std_msgs"[m[K
[0.486s]       |          [01;31m[K^~~~~~~~~~[m[K
[0.486s] compilation terminated.
[0.487s] gmake[2]: *** [CMakeFiles/sender.dir/build.make:76：CMakeFiles/sender.dir/src/sender.cpp.o] 错误 1
[0.487s] gmake[1]: *** [CMakeFiles/Makefile2:139：CMakeFiles/sender.dir/all] 错误 2
[0.487s] gmake: *** [Makefile:146：all] 错误 2
[0.489s] Invoked command in '/home/whaltze/rm/test/test1/build/cpp_1' returned '2': CMAKE_PREFIX_PATH=${CMAKE_PREFIX_PATH}:/opt/ros/humble /usr/bin/cmake --build /home/whaltze/rm/test/test1/build/cpp_1 -- -j8 -l8
