[0.014s] Invoking command in '/home/whaltze/rm/test/test2/catkin_ws/build/usb_cam': CMAKE_PREFIX_PATH=/opt/ros/humble /usr/bin/cmake /home/whaltze/rm/test/test2/catkin_ws/src/usb_cam -DCMAKE_INSTALL_PREFIX=/home/whaltze/rm/test/test2/catkin_ws/install/usb_cam
[0.024s] -- Found ament_cmake_auto: 1.3.9 (/opt/ros/humble/share/ament_cmake_auto/cmake)
[0.283s] -- Found rosidl_generator_c: 3.1.5 (/opt/ros/humble/share/rosidl_generator_c/cmake)
[0.289s] -- Found rosidl_adapter: 3.1.5 (/opt/ros/humble/share/rosidl_adapter/cmake)
[0.299s] -- Found rosidl_generator_cpp: 3.1.5 (/opt/ros/humble/share/rosidl_generator_cpp/cmake)
[0.319s] -- Using all available rosidl_typesupport_c: rosidl_typesupport_fastrtps_c;rosidl_typesupport_introspection_c
[0.345s] -- Using all available rosidl_typesupport_cpp: rosidl_typesupport_fastrtps_cpp;rosidl_typesupport_introspection_cpp
[0.417s] -- Found rmw_implementation_cmake: 6.1.2 (/opt/ros/humble/share/rmw_implementation_cmake/cmake)
[0.421s] -- Found rmw_fastrtps_cpp: 6.2.6 (/opt/ros/humble/share/rmw_fastrtps_cpp/cmake)
[0.528s] -- Found OpenSSL: /usr/lib/x86_64-linux-gnu/libcrypto.so (found version "3.0.2")  
[0.550s] -- Found FastRTPS: /opt/ros/humble/include  
[0.582s] -- Using RMW implementation 'rmw_fastrtps_cpp' as default
[0.597s] -- Looking for pthread.h
[0.678s] -- Looking for pthread.h - found
[0.678s] -- Performing Test CMAKE_HAVE_LIBC_PTHREAD
[0.746s] -- Performing Test CMAKE_HAVE_LIBC_PTHREAD - Success
[0.747s] -- Found Threads: TRUE  
[1.221s] -- Found OpenCV: /usr (found version "4.5.4") 
[1.224s] -- Found PkgConfig: /usr/bin/pkg-config (found version "0.29.2") 
[1.226s] -- Checking for module 'libavcodec'
[1.241s] --   Found libavcodec, version 58.134.100
[1.274s] -- Checking for module 'libavutil'
[1.287s] --   Found libavutil, version 56.70.100
[1.320s] -- Checking for module 'libswscale'
[1.336s] --   Found libswscale, version 5.9.100
[1.377s] -- Found ament_lint_auto: 0.12.11 (/opt/ros/humble/share/ament_lint_auto/cmake)
[1.409s] -- Found gtest sources under '/opt/ros/humble/src/gtest_vendor': C++ tests using 'Google Test' will be built
[1.422s] -- Added test 'copyright' to check source files copyright and LICENSE
[1.428s] -- Added test 'cppcheck' to perform static code analysis on C / C++ code
[1.428s] -- Configured cppcheck include dirs: /home/whaltze/rm/test/test2/catkin_ws/src/usb_cam/include
[1.428s] -- Configured cppcheck exclude dirs and/or files: 
[1.433s] -- Added test 'cpplint' to check C / C++ code against the Google style
[1.433s] -- Configured cpplint exclude dirs and/or files: 
[1.435s] -- Added test 'flake8' to check Python code syntax and style conventions
[1.437s] -- Added test 'lint_cmake' to check CMake code style
[1.439s] -- Added test 'pep257' to check Python code against some of the docstring style conventions in PEP 257
[1.444s] -- Added test 'uncrustify' to check C / C++ code style
[1.444s] -- Configured uncrustify additional arguments: 
[1.446s] -- Added test 'xmllint' to check XML markup files
[1.453s] -- Configuring done
[1.478s] -- Generating done
[1.481s] -- Build files have been written to: /home/whaltze/rm/test/test2/catkin_ws/build/usb_cam
[1.487s] Invoked command in '/home/whaltze/rm/test/test2/catkin_ws/build/usb_cam' returned '0': CMAKE_PREFIX_PATH=/opt/ros/humble /usr/bin/cmake /home/whaltze/rm/test/test2/catkin_ws/src/usb_cam -DCMAKE_INSTALL_PREFIX=/home/whaltze/rm/test/test2/catkin_ws/install/usb_cam
[1.488s] Invoking command in '/home/whaltze/rm/test/test2/catkin_ws/build/usb_cam': CMAKE_PREFIX_PATH=/opt/ros/humble /usr/bin/cmake --build /home/whaltze/rm/test/test2/catkin_ws/build/usb_cam -- -j8 -l8
[1.538s] [ 21%] [32mBuilding CXX object CMakeFiles/usb_cam_node_exe.dir/rclcpp_components/node_main_usb_cam_node_exe.cpp.o[0m
[1.538s] [ 21%] [32mBuilding CXX object gtest/CMakeFiles/gtest_main.dir/src/gtest_main.cc.o[0m
[1.538s] [ 21%] [32mBuilding CXX object CMakeFiles/usb_cam.dir/src/usb_cam.cpp.o[0m
[1.538s] [ 28%] [32mBuilding CXX object gtest/CMakeFiles/gtest.dir/src/gtest-all.cc.o[0m
[3.212s] [ 35%] [32m[1mLinking CXX static library libgtest_main.a[0m
[3.253s] [ 35%] Built target gtest_main
[4.625s] [ 42%] [32m[1mLinking CXX shared library libusb_cam.so[0m
[4.868s] [ 42%] Built target usb_cam
[4.889s] [ 50%] [32mBuilding CXX object CMakeFiles/usb_cam_node.dir/src/ros2/usb_cam_node.cpp.o[0m
[5.006s] In file included from [01m[K/home/whaltze/rm/test/test2/catkin_ws/src/usb_cam/src/ros2/usb_cam_node.cpp:34[m[K:
[5.006s] [01m[K/home/whaltze/rm/test/test2/catkin_ws/src/usb_cam/include/usb_cam/usb_cam_node.hpp:38:10:[m[K [01;31m[Kfatal error: [m[Kcamera_info_manager/camera_info_manager.hpp: Ê≤°ÊúâÈÇ£‰∏™Êñá‰ª∂ÊàñÁõÆÂΩï
[5.006s]    38 | #include [01;31m[K"camera_info_manager/camera_info_manager.hpp"[m[K
[5.006s]       |          [01;31m[K^~~~~~~~~~~~~~~~~~~~~~~~~~~~~~~~~~~~~~~~~~~~~[m[K
[5.006s] compilation terminated.
[5.007s] gmake[2]: *** [CMakeFiles/usb_cam_node.dir/build.make:76ÔºöCMakeFiles/usb_cam_node.dir/src/ros2/usb_cam_node.cpp.o] ÈîôËØØ 1
[5.008s] gmake[1]: *** [CMakeFiles/Makefile2:189ÔºöCMakeFiles/usb_cam_node.dir/all] ÈîôËØØ 2
[5.008s] gmake[1]: *** Ê≠£Âú®Á≠âÂæÖÊú™ÂÆåÊàêÁöÑ‰ªªÂä°....
[5.548s] [ 57%] [32m[1mLinking CXX static library libgtest.a[0m
[5.604s] [ 57%] Built target gtest
[5.751s] [ 64%] [32m[1mLinking CXX executable usb_cam_node_exe[0m
[5.902s] [ 64%] Built target usb_cam_node_exe
[5.903s] gmake: *** [Makefile:146Ôºöall] ÈîôËØØ 2
[5.905s] Invoked command in '/home/whaltze/rm/test/test2/catkin_ws/build/usb_cam' returned '2': CMAKE_PREFIX_PATH=/opt/ros/humble /usr/bin/cmake --build /home/whaltze/rm/test/test2/catkin_ws/build/usb_cam -- -j8 -l8
