[0.011s] Invoking command in '/home/whaltze/rm/test/test1/build/cpp_1': /usr/bin/cmake --build /home/whaltze/rm/test/test1/build/cpp_1 -- -j8 -l8
[0.029s] -- Found ament_cmake: 1.3.9 (/opt/ros/humble/share/ament_cmake/cmake)
[0.114s] -- Found rclcpp: 16.0.9 (/opt/ros/humble/share/rclcpp/cmake)
[0.133s] -- Found rosidl_generator_c: 3.1.5 (/opt/ros/humble/share/rosidl_generator_c/cmake)
[0.135s] -- Found rosidl_adapter: 3.1.5 (/opt/ros/humble/share/rosidl_adapter/cmake)
[0.139s] -- Found rosidl_generator_cpp: 3.1.5 (/opt/ros/humble/share/rosidl_generator_cpp/cmake)
[0.147s] -- Using all available rosidl_typesupport_c: rosidl_typesupport_fastrtps_c;rosidl_typesupport_introspection_c
[0.159s] -- Using all available rosidl_typesupport_cpp: rosidl_typesupport_fastrtps_cpp;rosidl_typesupport_introspection_cpp
[0.199s] -- Found rmw_implementation_cmake: 6.1.2 (/opt/ros/humble/share/rmw_implementation_cmake/cmake)
[0.200s] -- Found rmw_fastrtps_cpp: 6.2.6 (/opt/ros/humble/share/rmw_fastrtps_cpp/cmake)
[0.277s] -- Using RMW implementation 'rmw_fastrtps_cpp' as default
[0.387s] -- Found ament_lint_auto: 0.12.11 (/opt/ros/humble/share/ament_lint_auto/cmake)
[0.426s] Error parsing '/home/whaltze/rm/test/test1/src/cpp_1/package.xml':
[0.457s] Traceback (most recent call last):
[0.457s]   File "/opt/ros/humble/share/ament_cmake_core/cmake/core/package_xml_2_cmake.py", line 150, in <module>
[0.457s]     main()
[0.457s]   File "/opt/ros/humble/share/ament_cmake_core/cmake/core/package_xml_2_cmake.py", line 53, in main
[0.458s]     raise e
[0.458s]   File "/opt/ros/humble/share/ament_cmake_core/cmake/core/package_xml_2_cmake.py", line 49, in main
[0.458s]     package = parse_package_string(
[0.458s]   File "/usr/lib/python3/dist-packages/catkin_pkg/package.py", line 786, in parse_package_string
[0.459s]     raise InvalidPackage('Error(s):%s' % (''.join(['\n- %s' % e for e in errors])), filename)
[0.459s] catkin_pkg.package.InvalidPackage: Error(s) in package '/home/whaltze/rm/test/test1/src/cpp_1/package.xml':
[0.459s] Error(s):
[0.459s] - The generic dependency on 'rclcpp' is redundant with: build_depend, build_export_depend, exec_depend
[0.469s] [31mCMake Error at /opt/ros/humble/share/ament_cmake_core/cmake/core/ament_package_xml.cmake:95 (message):
[0.469s]   execute_process(/usr/bin/python3
[0.469s]   /opt/ros/humble/share/ament_cmake_core/cmake/core/package_xml_2_cmake.py
[0.469s]   /home/whaltze/rm/test/test1/src/cpp_1/package.xml
[0.469s]   /home/whaltze/rm/test/test1/build/cpp_1/ament_cmake_core/package.cmake)
[0.469s]   returned error code 1
[0.469s] Call Stack (most recent call first):
[0.469s]   /opt/ros/humble/share/ament_cmake_core/cmake/core/ament_package_xml.cmake:49 (_ament_package_xml)
[0.469s]   /opt/ros/humble/share/ament_lint_auto/cmake/ament_lint_auto_find_test_dependencies.cmake:31 (ament_package_xml)
[0.469s]   CMakeLists.txt:22 (ament_lint_auto_find_test_dependencies)
[0.470s] 
[0.470s] [0m
[0.470s] -- Configuring incomplete, errors occurred!
[0.470s] See also "/home/whaltze/rm/test/test1/build/cpp_1/CMakeFiles/CMakeOutput.log".
[0.474s] gmake: *** [Makefile:308ï¼šcmake_check_build_system] é”™è¯¯ 1
[0.476s] Invoked command in '/home/whaltze/rm/test/test1/build/cpp_1' returned '2': /usr/bin/cmake --build /home/whaltze/rm/test/test1/build/cpp_1 -- -j8 -l8
