[0.013s] Invoking command in '/home/whaltze/rm/test/test1/build/cpp_1': CMAKE_PREFIX_PATH=${CMAKE_PREFIX_PATH}:/opt/ros/humble /usr/bin/cmake --build /home/whaltze/rm/test/test1/build/cpp_1 -- -j8 -l8
[0.050s] [35m[1mConsolidate compiler generated dependencies of target listener[0m
[0.062s] [ 25%] [32mBuilding CXX object CMakeFiles/sender.dir/src/sender.cpp.o[0m
[0.067s] [ 50%] [32mBuilding CXX object CMakeFiles/listener.dir/src/listener.cpp.o[0m
[3.107s] [01m[K/home/whaltze/rm/test/test1/src/cpp_1/src/listener.cpp:17:31:[m[K [01;31m[Kerror: [m[K‚Äò[01m[Kstd_msgs[m[K‚Äô does not name a type
[3.107s]    17 |     void topic_callback(const [01;31m[Kstd_msgs[m[K::msg::String & msg) const
[3.107s]       |                               [01;31m[K^~~~~~~~[m[K
[3.107s] [01m[K/home/whaltze/rm/test/test1/src/cpp_1/src/listener.cpp:17:44:[m[K [01;31m[Kerror: [m[Kexpected unqualified-id before ‚Äò[01m[K::[m[K‚Äô token
[3.107s]    17 |     void topic_callback(const std_msgs::msg[01;31m[K::[m[KString & msg) const
[3.107s]       |                                            [01;31m[K^~[m[K
[3.108s] [01m[K/home/whaltze/rm/test/test1/src/cpp_1/src/listener.cpp:17:44:[m[K [01;31m[Kerror: [m[Kexpected ‚Äò[01m[K)[m[K‚Äô before ‚Äò[01m[K::[m[K‚Äô token
[3.108s]    17 |     void topic_callback[34m[K([m[Kconst std_msgs::msg[01;31m[K:[m[K[32m[K:[m[KString & msg) const
[3.109s]       |                        [34m[K~[m[K                   [01;31m[K^[m[K[32m[K~[m[K
[3.109s]       |                                            [32m[K)[m[K
[3.109s] [01m[K/home/whaltze/rm/test/test1/src/cpp_1/src/listener.cpp:17:41:[m[K [01;31m[Kerror: [m[Kexpected ‚Äò[01m[K;[m[K‚Äô at end of member declaration
[3.109s]    17 |     void topic_callback(const std_msgs::[01;31m[Kmsg[m[K::String & msg) const
[3.109s]       |                                         [01;31m[K^~~[m[K
[3.109s]       |                                            [32m[K;[m[K
[3.110s] [01m[K/home/whaltze/rm/test/test1/src/cpp_1/src/listener.cpp:17:46:[m[K [01;31m[Kerror: [m[K‚Äò[01m[KString[m[K‚Äô in namespace ‚Äò[01m[K::[m[K‚Äô does not name a type
[3.110s]    17 |     void topic_callback(const std_msgs::msg::[01;31m[KString[m[K & msg) const
[3.110s]       |                                              [01;31m[K^~~~~~[m[K
[3.114s] [01m[K/home/whaltze/rm/test/test1/src/cpp_1/src/listener.cpp:21:26:[m[K [01;31m[Kerror: [m[K‚Äò[01m[Kstd_msgs[m[K‚Äô was not declared in this scope
[3.114s]    21 |     rclcpp::Subscription<[01;31m[Kstd_msgs[m[K::msg::String>::SharedPtr subscription_;
[3.114s]       |                          [01;31m[K^~~~~~~~[m[K
[3.115s] [01m[K/home/whaltze/rm/test/test1/src/cpp_1/src/listener.cpp:21:47:[m[K [01;31m[Kerror: [m[Ktemplate argument 1 is invalid
[3.115s]    21 |     rclcpp::Subscription<std_msgs::msg::String[01;31m[K>[m[K::SharedPtr subscription_;
[3.115s]       |                                               [01;31m[K^[m[K
[3.115s] [01m[K/home/whaltze/rm/test/test1/src/cpp_1/src/listener.cpp:21:47:[m[K [01;31m[Kerror: [m[Ktemplate argument 3 is invalid
[3.115s] [01m[K/home/whaltze/rm/test/test1/src/cpp_1/src/listener.cpp:21:47:[m[K [01;31m[Kerror: [m[Ktemplate argument 4 is invalid
[3.115s] [01m[K/home/whaltze/rm/test/test1/src/cpp_1/src/listener.cpp:21:47:[m[K [01;31m[Kerror: [m[Ktemplate argument 5 is invalid
[3.115s] [01m[K/home/whaltze/rm/test/test1/src/cpp_1/src/listener.cpp:21:50:[m[K [01;31m[Kerror: [m[Kexpected ‚Äò[01m[K;[m[K‚Äô at end of member declaration
[3.115s]    21 |     rclcpp::Subscription<std_msgs::msg::String>::[01;31m[KSharedPtr[m[K subscription_;
[3.115s]       |                                                  [01;31m[K^~~~~~~~~[m[K
[3.115s]       |                                                           [32m[K;[m[K
[3.116s] [01m[K/home/whaltze/rm/test/test1/src/cpp_1/src/listener.cpp:21:60:[m[K [01;31m[Kerror: [m[K‚Äò[01m[Ksubscription_[m[K‚Äô does not name a type; did you mean ‚Äò[01m[Krmw_subscription_t[m[K‚Äô?
[3.117s]    21 |     rclcpp::Subscription<std_msgs::msg::String>::SharedPtr [01;31m[Ksubscription_[m[K;
[3.117s]       |                                                            [01;31m[K^~~~~~~~~~~~~[m[K
[3.117s]       |                                                            [32m[Krmw_subscription_t[m[K
[3.121s] [01m[K/home/whaltze/rm/test/test1/src/cpp_1/src/listener.cpp:[m[K In constructor ‚Äò[01m[KMinimalSubscriber::MinimalSubscriber()[m[K‚Äô:
[3.122s] [01m[K/home/whaltze/rm/test/test1/src/cpp_1/src/listener.cpp:12:7:[m[K [01;31m[Kerror: [m[K‚Äò[01m[Ksubscription_[m[K‚Äô was not declared in this scope; did you mean ‚Äò[01m[Krmw_subscription_t[m[K‚Äô?
[3.122s]    12 |       [01;31m[Ksubscription_[m[K = this->create_subscription<std_msgs::msg::String>(
[3.122s]       |       [01;31m[K^~~~~~~~~~~~~[m[K
[3.122s]       |       [32m[Krmw_subscription_t[m[K
[3.125s] [01m[K/home/whaltze/rm/test/test1/src/cpp_1/src/listener.cpp:12:49:[m[K [01;31m[Kerror: [m[K‚Äò[01m[Kstd_msgs[m[K‚Äô was not declared in this scope
[3.125s]    12 |       subscription_ = this->create_subscription<[01;31m[Kstd_msgs[m[K::msg::String>(
[3.125s]       |                                                 [01;31m[K^~~~~~~~[m[K
[3.125s] [01m[K/home/whaltze/rm/test/test1/src/cpp_1/src/listener.cpp:12:29:[m[K [01;31m[Kerror: [m[Kparse error in template argument list
[3.125s]    12 |       subscription_ = this->[01;31m[Kcreate_subscription<std_msgs::msg::String>[m[K(
[3.125s]       |                             [01;31m[K^~~~~~~~~~~~~~~~~~~~~~~~~~~~~~~~~~~~~~~~~~[m[K
[3.133s] [01m[K/home/whaltze/rm/test/test1/src/cpp_1/src/listener.cpp:12:71:[m[K [01;31m[Kerror: [m[Kno matching function for call to ‚Äò[01m[KMinimalSubscriber::create_subscription<<expression error> >(const char [6], int, std::_Bind_helper<false, void (MinimalSubscriber::*)(...), MinimalSubscriber*, const std::_Placeholder<1>&>::type)[m[K‚Äô
[3.133s]    12 |       subscription_ = [01;31m[Kthis->create_subscription<std_msgs::msg::String>([m[K
[3.133s]       |                       [01;31m[K~~~~~~~~~~~~~~~~~~~~~~~~~~~~~~~~~~~~~~~~~~~~~~~~^[m[K
[3.133s]    13 | [01;31m[K      "topic", 10, std::bind(&MinimalSubscriber::topic_callback, this, _1))[m[K;
[3.133s]       |       [01;31m[K~~~~~~~~~~~~~~~~~~~~~~~~~~~~~~~~~~~~~~~~~~~~~~~~~~~~~~~~~~~~~~~~~~~~~[m[K
[3.134s] In file included from [01m[K/opt/ros/humble/include/rclcpp/rclcpp/executors/single_threaded_executor.hpp:28[m[K,
[3.135s]                  from [01m[K/opt/ros/humble/include/rclcpp/rclcpp/executors.hpp:22[m[K,
[3.135s]                  from [01m[K/opt/ros/humble/include/rclcpp/rclcpp/rclcpp.hpp:155[m[K,
[3.135s]                  from [01m[K/home/whaltze/rm/test/test1/src/cpp_1/src/listener.cpp:1[m[K:
[3.135s] [01m[K/opt/ros/humble/include/rclcpp/rclcpp/node.hpp:219:3:[m[K [01;36m[Knote: [m[Kcandidate: ‚Äò[01m[Ktemplate<class MessageT, class CallbackT, class AllocatorT, class SubscriptionT, class MessageMemoryStrategyT> std::shared_ptr<ROSMessageT> rclcpp::Node::create_subscription(const string&, const rclcpp::QoS&, CallbackT&&, const rclcpp::SubscriptionOptionsWithAllocator<AllocatorT>&, typename MessageMemoryStrategyT::SharedPtr)[m[K‚Äô
[3.135s]   219 |   [01;36m[Kcreate_subscription[m[K(
[3.135s]       |   [01;36m[K^~~~~~~~~~~~~~~~~~~[m[K
[3.135s] [01m[K/opt/ros/humble/include/rclcpp/rclcpp/node.hpp:219:3:[m[K [01;36m[Knote: [m[K  template argument deduction/substitution failed:
[3.135s] [01m[K/home/whaltze/rm/test/test1/src/cpp_1/src/listener.cpp:12:71:[m[K [01;31m[Kerror: [m[Ktemplate argument 1 is invalid
[3.135s]    12 |       subscription_ = [01;31m[Kthis->create_subscription<std_msgs::msg::String>([m[K
[3.135s]       |                       [01;31m[K~~~~~~~~~~~~~~~~~~~~~~~~~~~~~~~~~~~~~~~~~~~~~~~~^[m[K
[3.135s]    13 | [01;31m[K      "topic", 10, std::bind(&MinimalSubscriber::topic_callback, this, _1))[m[K;
[3.136s]       |       [01;31m[K~~~~~~~~~~~~~~~~~~~~~~~~~~~~~~~~~~~~~~~~~~~~~~~~~~~~~~~~~~~~~~~~~~~~~[m[K
[3.669s] gmake[2]: *** [CMakeFiles/listener.dir/build.make:76ÔºöCMakeFiles/listener.dir/src/listener.cpp.o] ÈîôËØØ 1
[3.669s] gmake[1]: *** [CMakeFiles/Makefile2:165ÔºöCMakeFiles/listener.dir/all] ÈîôËØØ 2
[3.669s] gmake[1]: *** Ê≠£Âú®Á≠âÂæÖÊú™ÂÆåÊàêÁöÑ‰ªªÂä°....
[4.790s] [ 75%] [32m[1mLinking CXX executable sender[0m
[4.945s] [ 75%] Built target sender
[4.946s] gmake: *** [Makefile:146Ôºöall] ÈîôËØØ 2
[4.948s] Invoked command in '/home/whaltze/rm/test/test1/build/cpp_1' returned '2': CMAKE_PREFIX_PATH=${CMAKE_PREFIX_PATH}:/opt/ros/humble /usr/bin/cmake --build /home/whaltze/rm/test/test1/build/cpp_1 -- -j8 -l8
