[0.012s] Invoking command in '/home/whaltze/rm/test/test1/build/cpp_1': CMAKE_PREFIX_PATH=${CMAKE_PREFIX_PATH}:/opt/ros/humble /usr/bin/cmake --build /home/whaltze/rm/test/test1/build/cpp_1 -- -j8 -l8
[0.032s] -- Found ament_cmake: 1.3.9 (/opt/ros/humble/share/ament_cmake/cmake)
[0.120s] -- Found rclcpp: 16.0.9 (/opt/ros/humble/share/rclcpp/cmake)
[0.140s] -- Found rosidl_generator_c: 3.1.5 (/opt/ros/humble/share/rosidl_generator_c/cmake)
[0.141s] -- Found rosidl_adapter: 3.1.5 (/opt/ros/humble/share/rosidl_adapter/cmake)
[0.145s] -- Found rosidl_generator_cpp: 3.1.5 (/opt/ros/humble/share/rosidl_generator_cpp/cmake)
[0.153s] -- Using all available rosidl_typesupport_c: rosidl_typesupport_fastrtps_c;rosidl_typesupport_introspection_c
[0.164s] -- Using all available rosidl_typesupport_cpp: rosidl_typesupport_fastrtps_cpp;rosidl_typesupport_introspection_cpp
[0.203s] -- Found rmw_implementation_cmake: 6.1.2 (/opt/ros/humble/share/rmw_implementation_cmake/cmake)
[0.204s] -- Found rmw_fastrtps_cpp: 6.2.6 (/opt/ros/humble/share/rmw_fastrtps_cpp/cmake)
[0.278s] -- Using RMW implementation 'rmw_fastrtps_cpp' as default
[0.387s] -- Found ament_lint_auto: 0.12.11 (/opt/ros/humble/share/ament_lint_auto/cmake)
[0.441s] -- Added test 'cppcheck' to perform static code analysis on C / C++ code
[0.441s] -- Configured cppcheck include dirs: 
[0.441s] -- Configured cppcheck exclude dirs and/or files: 
[0.442s] -- Added test 'lint_cmake' to check CMake code style
[0.443s] -- Added test 'uncrustify' to check C / C++ code style
[0.443s] -- Configured uncrustify additional arguments: 
[0.444s] -- Added test 'xmllint' to check XML markup files
[0.446s] -- Configuring done
[0.461s] -- Generating done
[0.463s] -- Build files have been written to: /home/whaltze/rm/test/test1/build/cpp_1
[0.488s] [35m[1mConsolidate compiler generated dependencies of target sender[0m
[0.496s] [ 25%] [32mBuilding CXX object CMakeFiles/listener.dir/src/listener.cpp.o[0m
[0.503s] [ 50%] [32mBuilding CXX object CMakeFiles/sender.dir/src/sender.cpp.o[0m
[0.682s] [01m[K/home/whaltze/rm/test/test1/src/cpp_1/src/sender.cpp:2:10:[m[K [01;31m[Kfatal error: [m[Kstd_msgs/String.h: æ²¡æœ‰é‚£ä¸ªæ–‡ä»¶æˆ–ç›®å½•
[0.682s]     2 | #include [01;31m[K"std_msgs/String.h"[m[K
[0.682s]       |          [01;31m[K^~~~~~~~~~~~~~~~~~~[m[K
[0.682s] compilation terminated.
[0.683s] [01m[K/home/whaltze/rm/test/test1/src/cpp_1/src/listener.cpp:2:10:[m[K [01;31m[Kfatal error: [m[Kstd_msgs/String.h: æ²¡æœ‰é‚£ä¸ªæ–‡ä»¶æˆ–ç›®å½•
[0.683s]     2 | #include [01;31m[K"std_msgs/String.h"[m[K
[0.683s]       |          [01;31m[K^~~~~~~~~~~~~~~~~~~[m[K
[0.683s] compilation terminated.
[0.683s] gmake[2]: *** [CMakeFiles/sender.dir/build.make:76ï¼šCMakeFiles/sender.dir/src/sender.cpp.o] é”™è¯¯ 1
[0.683s] gmake[1]: *** [CMakeFiles/Makefile2:139ï¼šCMakeFiles/sender.dir/all] é”™è¯¯ 2
[0.683s] gmake[1]: *** æ­£åœ¨ç­‰å¾…æœªå®Œæˆçš„ä»»åŠ¡....
[0.684s] gmake[2]: *** [CMakeFiles/listener.dir/build.make:76ï¼šCMakeFiles/listener.dir/src/listener.cpp.o] é”™è¯¯ 1
[0.684s] gmake[1]: *** [CMakeFiles/Makefile2:165ï¼šCMakeFiles/listener.dir/all] é”™è¯¯ 2
[0.685s] gmake: *** [Makefile:146ï¼šall] é”™è¯¯ 2
[0.687s] Invoked command in '/home/whaltze/rm/test/test1/build/cpp_1' returned '2': CMAKE_PREFIX_PATH=${CMAKE_PREFIX_PATH}:/opt/ros/humble /usr/bin/cmake --build /home/whaltze/rm/test/test1/build/cpp_1 -- -j8 -l8
