[0.011s] Invoking command in '/home/whaltze/rm/test/test2/catkin_ws/build/usb_cam': CMAKE_PREFIX_PATH=/opt/ros/humble /usr/bin/cmake --build /home/whaltze/rm/test/test2/catkin_ws/build/usb_cam -- -j8 -l8
[0.051s] [35m[1mConsolidate compiler generated dependencies of target usb_cam[0m
[0.052s] [35m[1mConsolidate compiler generated dependencies of target usb_cam_node_exe[0m
[0.052s] [35m[1mConsolidate compiler generated dependencies of target gtest_main[0m
[0.052s] [35m[1mConsolidate compiler generated dependencies of target gtest[0m
[0.066s] [ 14%] Built target gtest_main
[0.067s] [ 28%] Built target gtest
[0.067s] [ 42%] Built target usb_cam
[0.072s] [ 57%] Built target usb_cam_node_exe
[0.087s] [ 64%] [32mBuilding CXX object CMakeFiles/test_pixel_formats.dir/test/test_pixel_formats.cpp.o[0m
[0.087s] [ 71%] [32mBuilding CXX object CMakeFiles/usb_cam_node.dir/src/ros2/usb_cam_node.cpp.o[0m
[0.087s] [ 78%] [32mBuilding CXX object CMakeFiles/test_usb_cam_utils.dir/test/test_usb_cam_utils.cpp.o[0m
[0.194s] In file included from [01m[K/home/whaltze/rm/test/test2/catkin_ws/src/usb_cam/src/ros2/usb_cam_node.cpp:34[m[K:
[0.194s] [01m[K/home/whaltze/rm/test/test2/catkin_ws/src/usb_cam/include/usb_cam/usb_cam_node.hpp:38:10:[m[K [01;31m[Kfatal error: [m[Kcamera_info_manager/camera_info_manager.hpp: æ²¡æœ‰é‚£ä¸ªæ–‡ä»¶æˆ–ç›®å½•
[0.194s]    38 | #include [01;31m[K"camera_info_manager/camera_info_manager.hpp"[m[K
[0.194s]       |          [01;31m[K^~~~~~~~~~~~~~~~~~~~~~~~~~~~~~~~~~~~~~~~~~~~~[m[K
[0.194s] compilation terminated.
[0.198s] gmake[2]: *** [CMakeFiles/usb_cam_node.dir/build.make:76ï¼šCMakeFiles/usb_cam_node.dir/src/ros2/usb_cam_node.cpp.o] é”™è¯¯ 1
[0.198s] gmake[1]: *** [CMakeFiles/Makefile2:189ï¼šCMakeFiles/usb_cam_node.dir/all] é”™è¯¯ 2
[0.198s] gmake[1]: *** æ­£åœ¨ç­‰å¾…æœªå®Œæˆçš„ä»»åŠ¡....
[0.998s] [ 85%] [32m[1mLinking CXX executable test_usb_cam_utils[0m
[1.135s] [ 85%] Built target test_usb_cam_utils
[1.228s] [ 92%] [32m[1mLinking CXX executable test_pixel_formats[0m
[1.352s] [ 92%] Built target test_pixel_formats
[1.353s] gmake: *** [Makefile:146ï¼šall] é”™è¯¯ 2
[1.355s] Invoked command in '/home/whaltze/rm/test/test2/catkin_ws/build/usb_cam' returned '2': CMAKE_PREFIX_PATH=/opt/ros/humble /usr/bin/cmake --build /home/whaltze/rm/test/test2/catkin_ws/build/usb_cam -- -j8 -l8
