[0.029s] Invoking command in '/home/whaltze/rm/patrol/build/linefit_ground_segmentation': CMAKE_PREFIX_PATH=/opt/ros/humble CONDA_PROMPT_MODIFIER=(rm) /usr/bin/cmake /home/whaltze/rm/patrol/pb_rmsimulation/src/rm_perception/linefit_ground_segementation_ros2/linefit_ground_segmentation -DAMENT_CMAKE_SYMLINK_INSTALL=1 -DCMAKE_INSTALL_PREFIX=/home/whaltze/rm/patrol/install/linefit_ground_segmentation
[0.120s] -- The C compiler identification is GNU 11.4.0
[0.169s] -- The CXX compiler identification is GNU 11.4.0
[0.180s] -- Detecting C compiler ABI info
[0.254s] -- Detecting C compiler ABI info - done
[0.258s] -- Check for working C compiler: /usr/bin/cc - skipped
[0.258s] -- Detecting C compile features
[0.258s] -- Detecting C compile features - done
[0.261s] -- Detecting CXX compiler ABI info
[0.336s] -- Detecting CXX compiler ABI info - done
[0.341s] -- Check for working CXX compiler: /usr/bin/c++ - skipped
[0.342s] -- Detecting CXX compile features
[0.343s] -- Detecting CXX compile features - done
[0.347s] -- Found ament_cmake_auto: 1.3.9 (/opt/ros/humble/share/ament_cmake_auto/cmake)
[0.994s] -- Found Python3: /usr/bin/python3 (found version "3.10.12") found components: Interpreter 
[1.134s] -- Override CMake install command with custom implementation using symlinks instead of copying resources
[1.367s] -- Found rosidl_generator_c: 3.1.5 (/opt/ros/humble/share/rosidl_generator_c/cmake)
[1.369s] -- Found rosidl_adapter: 3.1.5 (/opt/ros/humble/share/rosidl_adapter/cmake)
[1.385s] -- Found rosidl_generator_cpp: 3.1.5 (/opt/ros/humble/share/rosidl_generator_cpp/cmake)
[1.413s] -- Using all available rosidl_typesupport_c: rosidl_typesupport_fastrtps_c;rosidl_typesupport_introspection_c
[1.439s] -- Using all available rosidl_typesupport_cpp: rosidl_typesupport_fastrtps_cpp;rosidl_typesupport_introspection_cpp
[1.499s] -- Found rmw_implementation_cmake: 6.1.2 (/opt/ros/humble/share/rmw_implementation_cmake/cmake)
[1.501s] -- Found rmw_fastrtps_cpp: 6.2.6 (/opt/ros/humble/share/rmw_fastrtps_cpp/cmake)
[1.737s] -- Found OpenSSL: /usr/lib/x86_64-linux-gnu/libcrypto.so (found version "3.0.2")  
[1.775s] -- Found FastRTPS: /opt/ros/humble/include  
[1.855s] -- Using RMW implementation 'rmw_fastrtps_cpp' as default
[1.874s] -- Looking for pthread.h
[2.047s] -- Looking for pthread.h - found
[2.047s] -- Performing Test CMAKE_HAVE_LIBC_PTHREAD
[2.220s] -- Performing Test CMAKE_HAVE_LIBC_PTHREAD - Success
[2.222s] -- Found Threads: TRUE  
[3.171s] -- Configuring done
[3.322s] -- Generating done
[3.327s] -- Build files have been written to: /home/whaltze/rm/patrol/build/linefit_ground_segmentation
[3.352s] Invoked command in '/home/whaltze/rm/patrol/build/linefit_ground_segmentation' returned '0': CMAKE_PREFIX_PATH=/opt/ros/humble CONDA_PROMPT_MODIFIER=(rm) /usr/bin/cmake /home/whaltze/rm/patrol/pb_rmsimulation/src/rm_perception/linefit_ground_segementation_ros2/linefit_ground_segmentation -DAMENT_CMAKE_SYMLINK_INSTALL=1 -DCMAKE_INSTALL_PREFIX=/home/whaltze/rm/patrol/install/linefit_ground_segmentation
[3.353s] Invoking command in '/home/whaltze/rm/patrol/build/linefit_ground_segmentation': CMAKE_PREFIX_PATH=/opt/ros/humble CONDA_PROMPT_MODIFIER=(rm) /usr/bin/cmake --build /home/whaltze/rm/patrol/build/linefit_ground_segmentation -- -j8 -l8
[3.511s] [ 20%] [32mBuilding CXX object CMakeFiles/linefit_ground_segmentation.dir/src/ground_segmentation.cc.o[0m
[3.511s] [ 40%] [32mBuilding CXX object CMakeFiles/linefit_ground_segmentation.dir/src/viewer.cc.o[0m
[3.511s] [ 60%] [32mBuilding CXX object CMakeFiles/linefit_ground_segmentation.dir/src/segment.cc.o[0m
[3.511s] [ 80%] [32mBuilding CXX object CMakeFiles/linefit_ground_segmentation.dir/src/bin.cc.o[0m
[3.513s] In file included from [01m[K/home/whaltze/rm/patrol/pb_rmsimulation/src/rm_perception/linefit_ground_segementation_ros2/linefit_ground_segmentation/src/bin.cc:1[m[K:
[3.513s] [01m[K/home/whaltze/rm/patrol/pb_rmsimulation/src/rm_perception/linefit_ground_segementation_ros2/linefit_ground_segmentation/include/ground_segmentation/bin.h:6:10:[m[K [01;31m[Kfatal error: [m[Kpcl/point_cloud.h: æ²¡æœ‰é‚£ä¸ªæ–‡ä»¶æˆ–ç›®å½•
[3.513s]     6 | #include [01;31m[K<pcl/point_cloud.h>[m[K
[3.513s]       |          [01;31m[K^~~~~~~~~~~~~~~~~~~[m[K
[3.513s] compilation terminated.
[3.513s] gmake[2]: *** [CMakeFiles/linefit_ground_segmentation.dir/build.make:76ï¼šCMakeFiles/linefit_ground_segmentation.dir/src/bin.cc.o] é”™è¯¯ 1
[3.513s] gmake[2]: *** æ­£åœ¨ç­‰å¾…æœªå®Œæˆçš„ä»»åŠ¡....
[3.591s] In file included from [01m[K/home/whaltze/rm/patrol/pb_rmsimulation/src/rm_perception/linefit_ground_segementation_ros2/linefit_ground_segmentation/include/ground_segmentation/segment.h:7[m[K,
[3.591s]                  from [01m[K/home/whaltze/rm/patrol/pb_rmsimulation/src/rm_perception/linefit_ground_segementation_ros2/linefit_ground_segmentation/src/segment.cc:1[m[K:
[3.591s] [01m[K/home/whaltze/rm/patrol/pb_rmsimulation/src/rm_perception/linefit_ground_segementation_ros2/linefit_ground_segmentation/include/ground_segmentation/bin.h:6:10:[m[K [01;31m[Kfatal error: [m[Kpcl/point_cloud.h: æ²¡æœ‰é‚£ä¸ªæ–‡ä»¶æˆ–ç›®å½•
[3.591s]     6 | #include [01;31m[K<pcl/point_cloud.h>[m[K
[3.591s]       |          [01;31m[K^~~~~~~~~~~~~~~~~~~[m[K
[3.591s] compilation terminated.
[3.591s] gmake[2]: *** [CMakeFiles/linefit_ground_segmentation.dir/build.make:104ï¼šCMakeFiles/linefit_ground_segmentation.dir/src/segment.cc.o] é”™è¯¯ 1
[3.758s] In file included from [01m[K/home/whaltze/rm/patrol/pb_rmsimulation/src/rm_perception/linefit_ground_segementation_ros2/linefit_ground_segmentation/include/ground_segmentation/segment.h:7[m[K,
[3.758s]                  from [01m[K/home/whaltze/rm/patrol/pb_rmsimulation/src/rm_perception/linefit_ground_segementation_ros2/linefit_ground_segmentation/include/ground_segmentation/ground_segmentation.h:6[m[K,
[3.758s]                  from [01m[K/home/whaltze/rm/patrol/pb_rmsimulation/src/rm_perception/linefit_ground_segementation_ros2/linefit_ground_segmentation/src/ground_segmentation.cc:1[m[K:
[3.758s] [01m[K/home/whaltze/rm/patrol/pb_rmsimulation/src/rm_perception/linefit_ground_segementation_ros2/linefit_ground_segmentation/include/ground_segmentation/bin.h:6:10:[m[K [01;31m[Kfatal error: [m[Kpcl/point_cloud.h: æ²¡æœ‰é‚£ä¸ªæ–‡ä»¶æˆ–ç›®å½•
[3.758s]     6 | #include [01;31m[K<pcl/point_cloud.h>[m[K
[3.759s]       |          [01;31m[K^~~~~~~~~~~~~~~~~~~[m[K
[3.759s] compilation terminated.
[3.763s] gmake[2]: *** [CMakeFiles/linefit_ground_segmentation.dir/build.make:90ï¼šCMakeFiles/linefit_ground_segmentation.dir/src/ground_segmentation.cc.o] é”™è¯¯ 1
[3.853s] In file included from [01m[K/home/whaltze/rm/patrol/pb_rmsimulation/src/rm_perception/linefit_ground_segementation_ros2/linefit_ground_segmentation/src/viewer.cc:1[m[K:
[3.855s] [01m[K/home/whaltze/rm/patrol/pb_rmsimulation/src/rm_perception/linefit_ground_segementation_ros2/linefit_ground_segmentation/include/ground_segmentation/viewer.h:7:10:[m[K [01;31m[Kfatal error: [m[Kpcl/visualization/pcl_visualizer.h: æ²¡æœ‰é‚£ä¸ªæ–‡ä»¶æˆ–ç›®å½•
[3.855s]     7 | #include [01;31m[K<pcl/visualization/pcl_visualizer.h>[m[K
[3.855s]       |          [01;31m[K^~~~~~~~~~~~~~~~~~~~~~~~~~~~~~~~~~~~[m[K
[3.855s] compilation terminated.
[3.862s] gmake[2]: *** [CMakeFiles/linefit_ground_segmentation.dir/build.make:118ï¼šCMakeFiles/linefit_ground_segmentation.dir/src/viewer.cc.o] é”™è¯¯ 1
[3.862s] gmake[1]: *** [CMakeFiles/Makefile2:138ï¼šCMakeFiles/linefit_ground_segmentation.dir/all] é”™è¯¯ 2
[3.862s] gmake: *** [Makefile:146ï¼šall] é”™è¯¯ 2
[3.873s] Invoked command in '/home/whaltze/rm/patrol/build/linefit_ground_segmentation' returned '2': CMAKE_PREFIX_PATH=/opt/ros/humble CONDA_PROMPT_MODIFIER=(rm) /usr/bin/cmake --build /home/whaltze/rm/patrol/build/linefit_ground_segmentation -- -j8 -l8
