-- Found ament_cmake: 1.3.9 (/opt/ros/humble/share/ament_cmake/cmake)
-- Found rclcpp: 16.0.9 (/opt/ros/humble/share/rclcpp/cmake)
-- Found rosidl_generator_c: 3.1.5 (/opt/ros/humble/share/rosidl_generator_c/cmake)
-- Found rosidl_adapter: 3.1.5 (/opt/ros/humble/share/rosidl_adapter/cmake)
-- Found rosidl_generator_cpp: 3.1.5 (/opt/ros/humble/share/rosidl_generator_cpp/cmake)
-- Using all available rosidl_typesupport_c: rosidl_typesupport_fastrtps_c;rosidl_typesupport_introspection_c
-- Using all available rosidl_typesupport_cpp: rosidl_typesupport_fastrtps_cpp;rosidl_typesupport_introspection_cpp
-- Found rmw_implementation_cmake: 6.1.2 (/opt/ros/humble/share/rmw_implementation_cmake/cmake)
-- Found rmw_fastrtps_cpp: 6.2.6 (/opt/ros/humble/share/rmw_fastrtps_cpp/cmake)
-- Using RMW implementation 'rmw_fastrtps_cpp' as default
-- Found ament_lint_auto: 0.12.11 (/opt/ros/humble/share/ament_lint_auto/cmake)
-- Added test 'cppcheck' to perform static code analysis on C / C++ code
-- Configured cppcheck include dirs: 
-- Configured cppcheck exclude dirs and/or files: 
-- Added test 'lint_cmake' to check CMake code style
-- Added test 'uncrustify' to check C / C++ code style
-- Configured uncrustify additional arguments: 
-- Added test 'xmllint' to check XML markup files
-- Configuring done
-- Generating done
-- Build files have been written to: /home/whaltze/rm/test/test1/build/cpp_1
[35m[1mConsolidate compiler generated dependencies of target sender[0m
[ 25%] [32mBuilding CXX object CMakeFiles/sender.dir/src/sender.cpp.o[0m
[ 50%] [32mBuilding CXX object CMakeFiles/listener.dir/src/listener.cpp.o[0m
[01m[K/home/whaltze/rm/test/test1/src/cpp_1/src/listener.cpp:4:28:[m[K [01;31m[Kerror: [m[Kâ€˜[01m[Kstd_msgs[m[Kâ€™ does not name a type
    4 | void chatterCallback(const [01;31m[Kstd_msgs[m[K::String::ConstPtr& msg) {
      |                            [01;31m[K^~~~~~~~[m[K
[01m[K/home/whaltze/rm/test/test1/src/cpp_1/src/listener.cpp:4:44:[m[K [01;31m[Kerror: [m[Kexpected unqualified-id before â€˜[01m[K::[m[Kâ€™ token
    4 | void chatterCallback(const std_msgs::String[01;31m[K::[m[KConstPtr& msg) {
      |                                            [01;31m[K^~[m[K
[01m[K/home/whaltze/rm/test/test1/src/cpp_1/src/listener.cpp:4:44:[m[K [01;31m[Kerror: [m[Kexpected â€˜[01m[K)[m[Kâ€™ before â€˜[01m[K::[m[Kâ€™ token
    4 | void chatterCallback[34m[K([m[Kconst std_msgs::String[01;31m[K:[m[K[32m[K:[m[KConstPtr& msg) {
      |                     [34m[K~[m[K                      [01;31m[K^[m[K[32m[K~[m[K
      |                                            [32m[K)[m[K
[01m[K/home/whaltze/rm/test/test1/src/cpp_1/src/listener.cpp:4:44:[m[K [01;31m[Kerror: [m[Kexpected initializer before â€˜[01m[K::[m[Kâ€™ token
    4 | void chatterCallback(const std_msgs::String[01;31m[K::[m[KConstPtr& msg) {
      |                                            [01;31m[K^~[m[K
[01m[K/home/whaltze/rm/test/test1/src/cpp_1/src/listener.cpp:[m[K In function â€˜[01m[Kint main(int, char**)[m[Kâ€™:
[01m[K/home/whaltze/rm/test/test1/src/cpp_1/src/listener.cpp:9:3:[m[K [01;31m[Kerror: [m[Kâ€˜[01m[Kros[m[Kâ€™ has not been declared
    9 |   [01;31m[Kros[m[K::init(argc, argv, "subscriber_node");
      |   [01;31m[K^~~[m[K
[01m[K/home/whaltze/rm/test/test1/src/cpp_1/src/listener.cpp:10:3:[m[K [01;31m[Kerror: [m[Kâ€˜[01m[Kros[m[Kâ€™ has not been declared
   10 |   [01;31m[Kros[m[K::NodeHandle n;
      |   [01;31m[K^~~[m[K
[01m[K/home/whaltze/rm/test/test1/src/cpp_1/src/listener.cpp:12:3:[m[K [01;31m[Kerror: [m[Kâ€˜[01m[Kros[m[Kâ€™ has not been declared
   12 |   [01;31m[Kros[m[K::Subscriber sub = n.subscribe("chatter", 1000, chatterCallback);
      |   [01;31m[K^~~[m[K
[01m[K/home/whaltze/rm/test/test1/src/cpp_1/src/listener.cpp:14:3:[m[K [01;31m[Kerror: [m[Kâ€˜[01m[Kros[m[Kâ€™ has not been declared
   14 |   [01;31m[Kros[m[K::spin();
      |   [01;31m[K^~~[m[K
gmake[2]: *** [CMakeFiles/listener.dir/build.make:76ï¼šCMakeFiles/listener.dir/src/listener.cpp.o] é”™è¯¯ 1
gmake[1]: *** [CMakeFiles/Makefile2:165ï¼šCMakeFiles/listener.dir/all] é”™è¯¯ 2
gmake[1]: *** æ­£åœ¨ç­‰å¾…æœªå®Œæˆçš„ä»»åŠ¡....
[ 75%] [32m[1mLinking CXX executable sender[0m
[ 75%] Built target sender
gmake: *** [Makefile:146ï¼šall] é”™è¯¯ 2
