[0.010s] Invoking command in '/home/whaltze/rm/test/test1/build/cpp_1': CMAKE_PREFIX_PATH=${CMAKE_PREFIX_PATH}:/opt/ros/humble /usr/bin/cmake --build /home/whaltze/rm/test/test1/build/cpp_1 -- -j8 -l8
[0.031s] -- Found ament_cmake: 1.3.9 (/opt/ros/humble/share/ament_cmake/cmake)
[0.116s] -- Found rclcpp: 16.0.9 (/opt/ros/humble/share/rclcpp/cmake)
[0.137s] -- Found rosidl_generator_c: 3.1.5 (/opt/ros/humble/share/rosidl_generator_c/cmake)
[0.139s] -- Found rosidl_adapter: 3.1.5 (/opt/ros/humble/share/rosidl_adapter/cmake)
[0.144s] -- Found rosidl_generator_cpp: 3.1.5 (/opt/ros/humble/share/rosidl_generator_cpp/cmake)
[0.152s] -- Using all available rosidl_typesupport_c: rosidl_typesupport_fastrtps_c;rosidl_typesupport_introspection_c
[0.164s] -- Using all available rosidl_typesupport_cpp: rosidl_typesupport_fastrtps_cpp;rosidl_typesupport_introspection_cpp
[0.204s] -- Found rmw_implementation_cmake: 6.1.2 (/opt/ros/humble/share/rmw_implementation_cmake/cmake)
[0.206s] -- Found rmw_fastrtps_cpp: 6.2.6 (/opt/ros/humble/share/rmw_fastrtps_cpp/cmake)
[0.284s] -- Using RMW implementation 'rmw_fastrtps_cpp' as default
[0.395s] -- Found ament_lint_auto: 0.12.11 (/opt/ros/humble/share/ament_lint_auto/cmake)
[0.442s] -- Added test 'cppcheck' to perform static code analysis on C / C++ code
[0.443s] -- Configured cppcheck include dirs: 
[0.443s] -- Configured cppcheck exclude dirs and/or files: 
[0.443s] -- Added test 'lint_cmake' to check CMake code style
[0.444s] -- Added test 'uncrustify' to check C / C++ code style
[0.444s] -- Configured uncrustify additional arguments: 
[0.444s] -- Added test 'xmllint' to check XML markup files
[0.445s] -- Configuring done
[0.455s] -- Generating done
[0.456s] -- Build files have been written to: /home/whaltze/rm/test/test1/build/cpp_1
[0.477s] [35m[1mConsolidate compiler generated dependencies of target sender[0m
[0.493s] [ 25%] [32mBuilding CXX object CMakeFiles/sender.dir/src/sender.cpp.o[0m
[0.507s] [ 50%] [32mBuilding CXX object CMakeFiles/listener.dir/src/listener.cpp.o[0m
[2.040s] [01m[K/home/whaltze/rm/test/test1/src/cpp_1/src/listener.cpp:4:28:[m[K [01;31m[Kerror: [m[Kâ€˜[01m[Kstd_msgs[m[Kâ€™ does not name a type
[2.040s]     4 | void chatterCallback(const [01;31m[Kstd_msgs[m[K::String::ConstPtr& msg) {
[2.040s]       |                            [01;31m[K^~~~~~~~[m[K
[2.040s] [01m[K/home/whaltze/rm/test/test1/src/cpp_1/src/listener.cpp:4:44:[m[K [01;31m[Kerror: [m[Kexpected unqualified-id before â€˜[01m[K::[m[Kâ€™ token
[2.040s]     4 | void chatterCallback(const std_msgs::String[01;31m[K::[m[KConstPtr& msg) {
[2.040s]       |                                            [01;31m[K^~[m[K
[2.042s] [01m[K/home/whaltze/rm/test/test1/src/cpp_1/src/listener.cpp:4:44:[m[K [01;31m[Kerror: [m[Kexpected â€˜[01m[K)[m[Kâ€™ before â€˜[01m[K::[m[Kâ€™ token
[2.042s]     4 | void chatterCallback[34m[K([m[Kconst std_msgs::String[01;31m[K:[m[K[32m[K:[m[KConstPtr& msg) {
[2.043s]       |                     [34m[K~[m[K                      [01;31m[K^[m[K[32m[K~[m[K
[2.043s]       |                                            [32m[K)[m[K
[2.043s] [01m[K/home/whaltze/rm/test/test1/src/cpp_1/src/listener.cpp:4:44:[m[K [01;31m[Kerror: [m[Kexpected initializer before â€˜[01m[K::[m[Kâ€™ token
[2.043s]     4 | void chatterCallback(const std_msgs::String[01;31m[K::[m[KConstPtr& msg) {
[2.043s]       |                                            [01;31m[K^~[m[K
[2.043s] [01m[K/home/whaltze/rm/test/test1/src/cpp_1/src/listener.cpp:[m[K In function â€˜[01m[Kint main(int, char**)[m[Kâ€™:
[2.043s] [01m[K/home/whaltze/rm/test/test1/src/cpp_1/src/listener.cpp:9:3:[m[K [01;31m[Kerror: [m[Kâ€˜[01m[Kros[m[Kâ€™ has not been declared
[2.043s]     9 |   [01;31m[Kros[m[K::init(argc, argv, "subscriber_node");
[2.043s]       |   [01;31m[K^~~[m[K
[2.043s] [01m[K/home/whaltze/rm/test/test1/src/cpp_1/src/listener.cpp:10:3:[m[K [01;31m[Kerror: [m[Kâ€˜[01m[Kros[m[Kâ€™ has not been declared
[2.043s]    10 |   [01;31m[Kros[m[K::NodeHandle n;
[2.043s]       |   [01;31m[K^~~[m[K
[2.043s] [01m[K/home/whaltze/rm/test/test1/src/cpp_1/src/listener.cpp:12:3:[m[K [01;31m[Kerror: [m[Kâ€˜[01m[Kros[m[Kâ€™ has not been declared
[2.043s]    12 |   [01;31m[Kros[m[K::Subscriber sub = n.subscribe("chatter", 1000, chatterCallback);
[2.043s]       |   [01;31m[K^~~[m[K
[2.043s] [01m[K/home/whaltze/rm/test/test1/src/cpp_1/src/listener.cpp:14:3:[m[K [01;31m[Kerror: [m[Kâ€˜[01m[Kros[m[Kâ€™ has not been declared
[2.043s]    14 |   [01;31m[Kros[m[K::spin();
[2.043s]       |   [01;31m[K^~~[m[K
[2.290s] gmake[2]: *** [CMakeFiles/listener.dir/build.make:76ï¼šCMakeFiles/listener.dir/src/listener.cpp.o] é”™è¯¯ 1
[2.290s] gmake[1]: *** [CMakeFiles/Makefile2:165ï¼šCMakeFiles/listener.dir/all] é”™è¯¯ 2
[2.290s] gmake[1]: *** æ­£åœ¨ç­‰å¾…æœªå®Œæˆçš„ä»»åŠ¡....
[3.342s] [ 75%] [32m[1mLinking CXX executable sender[0m
[3.495s] [ 75%] Built target sender
[3.496s] gmake: *** [Makefile:146ï¼šall] é”™è¯¯ 2
[3.497s] Invoked command in '/home/whaltze/rm/test/test1/build/cpp_1' returned '2': CMAKE_PREFIX_PATH=${CMAKE_PREFIX_PATH}:/opt/ros/humble /usr/bin/cmake --build /home/whaltze/rm/test/test1/build/cpp_1 -- -j8 -l8
